<?xml version="1.0" encoding="UTF-8"?>
<testsuite xmlns:xsi="http://www.w3.org/2001/XMLSchema-instance" xsi:noNamespaceSchemaLocation="https://maven.apache.org/surefire/maven-surefire-plugin/xsd/surefire-test-report.xsd" name="fr.free.jchecs.core.FENUtilsTest" time="0" tests="4" errors="0" skipped="0" failures="0">
  <properties>
[...]
</properties>
  <testcase name="testToBoard" classname="fr.free.jchecs.core.FENUtilsTest" time="0"/>
  <testcase name="testToFEN" classname="fr.free.jchecs.core.FENUtilsTest" time="0"/>
  <testcase name="testToFENKeyNull" classname="fr.free.jchecs.core.FENUtilsTest" time="0"/>
  <testcase name="testToFENNull" classname="fr.free.jchecs.core.FENUtilsTest" time="0"/>
</testsuite>